Plugins: Failed to load 'C:/Eigene_Sachen/v-rising/VRisingServer_Data/Plugins\x86_64/BacktraceCrashpadWindows.dll' because one or more of its dependencies could not be loaded.
Initialize engine version: 2020.3.46f1 (18bc01a066b4)
[Subsystems] Discovering subsystems at path C:/Eigene_Sachen/v-rising/VRisingServer_Data/UnitySubsystems
Forcing GfxDevice: Null
GfxDevice: creating device client; threaded=0
NullGfxDevice:
    Version:  NULL 1.0 [1.0]
    Renderer: Null Device
    Vendor:   Unity Technologies
FMOD initialized on nosound output
Microsoft Media Foundation video decoding to texture disabled: graphics device is Null, only Direct3D 11 and Direct3D 12 (only on desktop) are supported for hardware-accelerated video decoding.
WARNING: Shader Unsupported: 'Shader Graphs/Effect' - All subshaders removed
WARNING: Shader Did you use #pragma only_renderers and omit this platform?
WARNING: Shader If subshaders removal was intentional, you may have forgotten turning Fallback off?
WARNING: Shader Unsupported: 'Shader Graphs/Effect' - All subshaders removed
WARNING: Shader Did you use #pragma only_renderers and omit this platform?
WARNING: Shader If subshaders removal was intentional, you may have forgotten turning Fallback off?
WARNING: Shader Unsupported: 'Shader Graphs/EffectCheapLit' - All subshaders removed
WARNING: Shader Did you use #pragma only_renderers and omit this platform?
WARNING: Shader If subshaders removal was intentional, you may have forgotten turning Fallback off?
WARNING: Shader Unsupported: 'Shader Graphs/EffectCheapLit' - All subshaders removed
WARNING: Shader Did you use #pragma only_renderers and omit this platform?
WARNING: Shader If subshaders removal was intentional, you may have forgotten turning Fallback off?
WARNING: Shader Unsupported: 'Shader Graphs/Liquid' - All subshaders removed
WARNING: Shader Did you use #pragma only_renderers and omit this platform?
WARNING: Shader If subshaders removal was intentional, you may have forgotten turning Fallback off?
WARNING: Shader Unsupported: 'Shader Graphs/Liquid' - All subshaders removed
WARNING: Shader Did you use #pragma only_renderers and omit this platform?
WARNING: Shader If subshaders removal was intentional, you may have forgotten turning Fallback off?
WARNING: Shader Unsupported: 'Shader Graphs/Shader_MasterLit' - All subshaders removed
WARNING: Shader Did you use #pragma only_renderers and omit this platform?
WARNING: Shader If subshaders removal was intentional, you may have forgotten turning Fallback off?
WARNING: Shader Unsupported: 'Shader Graphs/Shader_MasterLit' - All subshaders removed
WARNING: Shader Did you use #pragma only_renderers and omit this platform?
WARNING: Shader If subshaders removal was intentional, you may have forgotten turning Fallback off?
UnloadTime: 2.051700 ms
Bootstrap - Time: 2023-05-20 11:41:19, Version: VRisingServer v0.6.1.57189 (2023-05-18 14:29 UTC) (Release)
SLS_COLLECTIONS_CHECKS defined.
System Information:
processorFrequency: 1996
deviceModel: KVM Server (netcup)
operatingSystem: Windows 10  (10.0.17763) 64bit
processorType: QEMU Virtual CPU version 2.5+
processorCount: 10
systemMemorySize: 12287
graphicsDeviceName: Null Device
graphicsDeviceType: Null
graphicsDeviceVendor: Unity Technologies
graphicsDeviceVendorID: 0
graphicsDeviceVersion: NULL 1.0 [1.0]
graphicsMemorySize: 128
graphicsMultiThreaded: False
graphicsShaderLevel: 50
maxTextureSize: 4096
CPU Score: 5988 (MJEEEH ok)
Bootstrapping World: Default World
SteamPlatformSystem - - Entering OnCreate!
Loaded VersionDataSettings:
{
  "NetworkVersion": 4,
  "PersistenceVersion": 2
}
PersistenceVersionOverride value found from VersionDataSettings: 2
Persistence Version initialized as: 2
ProjectM.ServerHostSettings - 'Name' ('System.String') overridden by Command Line Parameter '-serverName' - New value: My V Rising Server
ProjectM.ServerHostSettings - 'SaveName' ('System.String') overridden by Command Line Parameter '-saveName' - New value: world1
Loaded ServerHostSettings:
{
  "Name": "My V Rising Server",
  "Description": "",
  "Port": 9876,
  "QueryPort": 9877,
  "Address": null,
  "MaxConnectedUsers": 40,
  "MaxConnectedAdmins": 4,
  "MinFreeSlotsNeededForNewUsers": 0,
  "ServerFps": 30,
  "AIUpdatesPerFrame": 200,
  "Password": "",
  "Secure": true,
  "ListOnSteam": false,
  "ServerBranch": "",
  "GameSettingsPreset": "",
  "SaveName": "world1",
  "AutoSaveCount": 20,
  "AutoSaveInterval": 120,
  "CompressSaveFiles": true,
  "AutoSaveSmartKeep": "10:1:1,30:0:1,60:0:1,120:0:1,180:0:1,240:0:1,360:0:1,720:0:1,1440:0:1,2880:0:1,43200:99:0",
  "RunPersistenceTestsOnSave": false,
  "StorePersistenceDebugData": false,
  "GiveStarterItems": false,
  "LogAllNetworkEvents": false,
  "LogAdminEvents": true,
  "LogDebugEvents": true,
  "AdminOnlyDebugEvents": true,
  "EveryoneIsAdmin": false,
  "DisableDebugEvents": false,
  "EnableDangerousDebugEvents": false,
  "TrackArchetypeCreationsOnStartup": false,
  "ServerStartTimeOffset": 0.0,
  "PersistenceVersionOverride": -1,
  "LanMode": false,
  "LowerFPSWhenEmpty": false,
  "LowerFPSWhenEmptyValue": 1,
  "UseTeleportPlayersOutOfCollisionFix": true,
  "RemoteBansURL": "",
  "RemoteAdminsURL": "",
  "ResetDaysInterval": 0,
  "DayOfReset": -1,
  "AFKKickType": 0,
  "AFKKickDuration": 1,
  "AFKKickWarningDuration": 14,
  "AFKKickPlayerRatio": 0.5,
  "ListOnEOS": false,
  "API": {
    "Enabled": false,
    "BindAddress": "*",
    "BindPort": 9090,
    "BasePath": "/",
    "AccessList": "",
    "PrometheusDelay": 30
  },
  "Rcon": {
    "Enabled": false,
    "BindAddress": null,
    "Port": 25575,
    "Password": "",
    "TimeoutSeconds": 300,
    "MaxPasswordTries": 99,
    "BanMinutes": 0,
    "SendAuthImmediately": true,
    "MaxConnectionsPerIp": 20,
    "MaxConnections": 20
  }
}
Setting breakpad minidump AppID = 1604030
SteamPlatformSystem -  Setting Product and Modir: V Rising
SteamPlatformSystem -  Server App ID: 1604030
SteamPlatformSystem - Steam GameServer Initialized!
SteamLog [SDR k_ESteamNetworkingSocketsDebugOutputType_Msg] Got SDR network config.  Loaded revision 1683933499 OK
SteamLog [SDR k_ESteamNetworkingSocketsDebugOutputType_Msg] Performing ping measurement
SteamLog [SDR k_ESteamNetworkingSocketsDebugOutputType_Msg] SDR RelayNetworkStatus:  avail=Attempting  config=OK  anyrelay=Attempting   (Performing ping measurement)
SteamNetworking - Successfully logged in with the SteamGameServer API. SteamID: 90172675633192960
EOSPlatformSystem - Entering OnCreate!
EOSPlatformSystem - Skipping EOS initialization - EOS features disabled!
SteamLog [SDR k_ESteamNetworkingSocketsDebugOutputType_Msg] Gameserver logged on to Steam, assigned identity steamid:90172675633192960
SteamLog [SDR k_ESteamNetworkingSocketsDebugOutputType_Msg] AuthStatus (steamid:90172675633192960):  Attempting  (Requesting cert)
SteamLog [SDR k_ESteamNetworkingSocketsDebugOutputType_Msg] Set SteamNetworkingSockets P2P_STUN_ServerList to '185.25.182.52:3478' as per SteamNetworkingSocketsSerialized
SteamPlatformSystem - Server connected to Steam successfully!
Check Host Server - HostServer: False, DedicatedServer: True
BatchMode Host - CommandLine: VRisingServer.exe -persistentDataPath .\save-data -serverName "My V Rising Server" -saveName world1 -logFile .\logs\VRisingServer.log
Unable to find SaveDirectory: C:\Eigene_Sachen\v-rising\save-data\Saves\v2\world1 (Probably first time starting with this configuration)
CreateAndHostServer - SaveDirectory:C:\Eigene_Sachen\v-rising\save-data\Saves\v2\world1, Loaded Save:<None>
Saved FileUserList (0) to: C:\Eigene_Sachen\v-rising\save-data\Settings\adminlist.txt
Saved FileUserList (0) to: C:\Eigene_Sachen\v-rising\save-data\Settings\banlist.txt
System.DllNotFoundException: Unable to load DLL 'BacktraceCrashpadWindows': The specified module could not be found.
  at Backtrace.Unity.Runtime.Native.Windows.NativeClient.HandleNativeCrashes (System.Collections.Generic.IDictionary`2[TKey,TValue] clientAttributes, System.Collections.Generic.IEnumerable`1[T] attachments) [0x00000] in <00000000000000000000000000000000>:0 
  at Backtrace.Unity.Runtime.Native.Windows.NativeClient..ctor (Backtrace.Unity.Model.BacktraceConfiguration configuration, Backtrace.Unity.Model.Breadcrumbs.BacktraceBreadcrumbs breadcrumbs, System.Collections.Generic.IDictionary`2[TKey,TValue] clientAttributes, System.Collections.Generic.IEnumerable`1[T] attachments) [0x00000] in <00000000000000000000000000000000>:0 
  at Backtrace.Unity.Runtime.Native.NativeClientFactory.CreateNativeClient (Backtrace.Unity.Model.BacktraceConfiguration configuration, System.String gameObjectName, Backtrace.Unity.Model.Breadcrumbs.BacktraceBreadcrumbs breadcrumbs, System.Collections.Generic.IDictionary`2[TKey,TValue] attributes, System.Collections.Generic.ICollection`1[T] attachments) [0x00000] in <00000000000000000000000000000000>:0 
  at Backtrace.Unity.BacktraceClient.Refresh () [0x00000] in <00000000000000000000000000000000>:0 
  at Backtrace.Unity.BacktraceClient.Initialize (Backtrace.Unity.Model.BacktraceConfiguration configuration, System.Collections.Generic.Dictionary`2[TKey,TValue] attributes, System.String gameObjectName) [0x00000] in <00000000000000000000000000000000>:0 
  at ProjectM.BacktraceUtility.Initialize (System.Func`2[T,TResult] beforeSend) [0x00000] in <00000000000000000000000000000000>:0 
  at ProjectM.BacktraceSystem.OnCreate () [0x00000] in <00000000000000000000000000000000>:0 
  at Unity.Entities.ComponentSystemBase.CreateInstance (Unity.Entities.World world, Unity.Entities.SystemState* statePtr) [0x00000] in <00000000000000000000000000000000>:0 
  at Unity.Entities.World.AddSystem_OnCreate_Internal (Unity.Entities.ComponentSystemBase system) [0x00000] in <00000000000000000000000000000000>:0 
  at Unity.Entities.World.GetOrCreateSystemsAndLogException (System.Collections.Generic.IEnumerable`1[T] types, System.Int32 typesCount) [0x00000] in <00000000000000000000000000000000>:0 
  at ProjectM.CustomWorldSpawning.AddSystemsToWorld (Unity.Entities.World world, ProjectM.WorldTypeConfiguration worldTypeConfig, System.Type[] systemTypes, System.Type initializationSystemGroupType, System.Type simulationSystemGroupType, System.Type presentationSystemGroupType, ProjectM.CustomWorld customWorld) [0x00000] in <00000000000000000000000000000000>:0 
  at ProjectM.CustomWorldSpawning.SetupWorldWithCustomRootGroups (Unity.Entities.World world, Unity.Entities.World parentTickerWorld, ProjectM.WorldTypeConfiguration worldConfig, System.Collections.Generic.IEnumerable`1[T] allSystems, System.Type initializationSystemGroupType, System.Type simulationSystemGroupType, System.Type presentationSystemGroupType) [0x00000] in <00000000000000000000000000000000>:0 
  at ProjectM.ServerWorldManager.BeginCreateServerWorld (ProjectM.ServerRuntimeSettings saveConfiguration) [0x00000] in <00000000000000000000000000000000>:0 
  at ProjectM.GameBootstrap.Start () [0x00000] in <00000000000000000000000000000000>:0 
UnityEngine.Logger:Log(LogType, Object)
UnityEngine.Debug:LogError(Object)
ProjectM.BacktraceUtility:Initialize(Func`2)
ProjectM.BacktraceSystem:OnCreate()
Unity.Entities.ComponentSystemBase:CreateInstance(World, SystemState*)
Unity.Entities.World:AddSystem_OnCreate_Internal(ComponentSystemBase)
Unity.Entities.World:GetOrCreateSystemsAndLogException(IEnumerable`1, Int32)
ProjectM.CustomWorldSpawning:AddSystemsToWorld(World, WorldTypeConfiguration, Type[], Type, Type, Type, CustomWorld)
ProjectM.CustomWorldSpawning:SetupWorldWithCustomRootGroups(World, World, WorldTypeConfiguration, IEnumerable`1, Type, Type, Type)
ProjectM.ServerWorldManager:BeginCreateServerWorld(ServerRuntimeSettings)
ProjectM.GameBootstrap:Start()

[Debug] ServerGameSettingsSystem - OnCreate
[Debug] ServerGameSettingsSystem - OnCreate - Loading ServerGameSettings via ServerRuntimeSettings settings!
RuntimeSettings.SaveDirectoryPath: C:\Eigene_Sachen\v-rising\save-data\Saves\v2\world1
Final ServerGameSettings Values:
{
  "GameModeType": 1,
  "CastleDamageMode": 1,
  "SiegeWeaponHealth": 2,
  "PlayerDamageMode": 0,
  "CastleHeartDamageMode": 1,
  "PvPProtectionMode": 3,
  "DeathContainerPermission": 0,
  "RelicSpawnType": 0,
  "CanLootEnemyContainers": true,
  "BloodBoundEquipment": true,
  "TeleportBoundItems": true,
  "AllowGlobalChat": true,
  "AllWaypointsUnlocked": false,
  "FreeCastleRaid": false,
  "FreeCastleClaim": false,
  "FreeCastleDestroy": false,
  "InactivityKillEnabled": true,
  "InactivityKillTimeMin": 3600,
  "InactivityKillTimeMax": 604800,
  "InactivityKillSafeTimeAddition": 172800,
  "InactivityKillTimerMaxItemLevel": 84,
  "DisableDisconnectedDeadEnabled": true,
  "DisableDisconnectedDeadTimer": 60,
  "DisconnectedSunImmunityTime": 300.0,
  "InventoryStacksModifier": 1.0,
  "DropTableModifier_General": 1.0,
  "DropTableModifier_Missions": 1.0,
  "MaterialYieldModifier_Global": 1.0,
  "BloodEssenceYieldModifier": 1.0,
  "JournalVBloodSourceUnitMaxDistance": 25.0,
  "PvPVampireRespawnModifier": 1.0,
  "CastleMinimumDistanceInFloors": 2,
  "ClanSize": 4,
  "BloodDrainModifier": 1.0,
  "DurabilityDrainModifier": 1.0,
  "GarlicAreaStrengthModifier": 1.0,
  "HolyAreaStrengthModifier": 1.0,
  "SilverStrengthModifier": 1.0,
  "SunDamageModifier": 1.0,
  "CastleDecayRateModifier": 1.0,
  "CastleBloodEssenceDrainModifier": 1.0,
  "CastleSiegeTimer": 420.0,
  "CastleUnderAttackTimer": 60.0,
  "CastleRaidTimer": 600.0,
  "CastleRaidProtectionTime": 1800.0,
  "CastleExposedFreeClaimTimer": 300.0,
  "AnnounceSiegeWeaponSpawn": true,
  "ShowSiegeWeaponMapIcon": false,
  "BuildCostModifier": 1.0,
  "RecipeCostModifier": 1.0,
  "CraftRateModifier": 1.0,
  "ResearchCostModifier": 1.0,
  "RefinementCostModifier": 1.0,
  "RefinementRateModifier": 1.0,
  "ResearchTimeModifier": 1.0,
  "DismantleResourceModifier": 1.0,
  "ServantConvertRateModifier": 1.0,
  "RepairCostModifier": 1.0,
  "Death_DurabilityFactorLoss": 0.125,
  "Death_DurabilityLossFactorAsResources": 1.0,
  "StarterEquipmentId": 0,
  "StarterResourcesId": 0,
  "VBloodUnitSettings": [],
  "UnlockedAchievements": [],
  "UnlockedResearchs": [],
  "GameTimeModifiers": {
    "DayDurationInSeconds": 1080.0,
    "DayStartHour": 9,
    "DayStartMinute": 0,
    "DayEndHour": 17,
    "DayEndMinute": 0,
    "BloodMoonFrequency_Min": 10,
    "BloodMoonFrequency_Max": 18,
    "BloodMoonBuff": 0.2
  },
  "VampireStatModifiers": {
    "MaxHealthModifier": 1.0,
    "MaxEnergyModifier": 1.0,
    "PhysicalPowerModifier": 1.0,
    "SpellPowerModifier": 1.0,
    "ResourcePowerModifier": 1.0,
    "SiegePowerModifier": 1.0,
    "DamageReceivedModifier": 1.0,
    "ReviveCancelDelay": 5.0
  },
  "UnitStatModifiers_Global": {
    "MaxHealthModifier": 1.0,
    "PowerModifier": 1.0
  },
  "UnitStatModifiers_VBlood": {
    "MaxHealthModifier": 1.0,
    "PowerModifier": 1.0
  },
  "EquipmentStatModifiers_Global": {
    "MaxEnergyModifier": 1.0,
    "MaxHealthModifier": 1.0,
    "ResourceYieldModifier": 1.0,
    "PhysicalPowerModifier": 1.0,
    "SpellPowerModifier": 1.0,
    "SiegePowerModifier": 1.0,
    "MovementSpeedModifier": 1.0
  },
  "CastleStatModifiers_Global": {
    "TickPeriod": 5.0,
    "DamageResistance": 0.0,
    "SafetyBoxLimit": 1,
    "TombLimit": 12,
    "VerminNestLimit": 4,
    "PrisonCellLimit": 16,
    "HeartLimits": {
      "Level1": {
        "Level": 1,
        "FloorLimit": 40,
        "ServantLimit": 4,
        "BuildLimits": 2,
        "HeightLimit": 3
      },
      "Level2": {
        "Level": 2,
        "FloorLimit": 100,
        "ServantLimit": 5,
        "BuildLimits": 2,
        "HeightLimit": 3
      },
      "Level3": {
        "Level": 3,
        "FloorLimit": 180,
        "ServantLimit": 6,
        "BuildLimits": 2,
        "HeightLimit": 3
      },
      "Level4": {
        "Level": 4,
        "FloorLimit": 260,
        "ServantLimit": 7,
        "BuildLimits": 2,
        "HeightLimit": 3
      },
      "Level5": {
        "Level": 5,
        "FloorLimit": 420,
        "ServantLimit": 8,
        "BuildLimits": 2,
        "HeightLimit": 3
      }
    },
    "CastleLimit": 2
  },
  "RandomizeVBloodAbilities": false,
  "RandomizeVBloodTechs": false,
  "RandomizeVBloodSpawnLocations": false,
  "PlayerInteractionSettings": {
    "TimeZone": 0,
    "VSPlayerWeekdayTime": {
      "StartHour": 20,
      "StartMinute": 0,
      "EndHour": 22,
      "EndMinute": 0
    },
    "VSPlayerWeekendTime": {
      "StartHour": 20,
      "StartMinute": 0,
      "EndHour": 22,
      "EndMinute": 0
    },
    "VSCastleWeekdayTime": {
      "StartHour": 20,
      "StartMinute": 0,
      "EndHour": 22,
      "EndMinute": 0
    },
    "VSCastleWeekendTime": {
      "StartHour": 20,
      "StartMinute": 0,
      "EndHour": 22,
      "EndMinute": 0
    }
  },
  "TraderModifiers": {
    "StockModifier": 1.0,
    "PriceModifier": 1.0,
    "RestockTimerModifier": 1.0
  }
}
ERROR: Shader GUI/Text Shader shader is not supported on this GPU (none of subshaders/fallbacks are suitable)
[Server] LoadSceneAsync Request 'WorldAssetSingleton', WaitForSceneLoad: True, SceneEntity: 601:1
Starting up ServerSteamTransportLayer. GameServer ID: 90172675633192960
Opening SteamIPv4 socket on port: 9876. Socket: 131073
Opening SteamSDR socket on virtual port: 0. Socket: 196610
[Server] LoadSceneAsync Request '295c92b7a799a3443b40e9ef192b5727', WaitForSceneLoad: True, SceneEntity: 607:1
Loading GameData SubScene 295c92b7a799a3443b40e9ef192b5727, GameData Scene Entity: Entity(607:1)
[Server] LoadSceneAsync Request 'ad37c0edd53365b40acb48df81e07046', WaitForSceneLoad: True, SceneEntity: 609:1
Loading GameData SubScene ad37c0edd53365b40acb48df81e07046, GameData Scene Entity: Entity(609:1)
[Server] LoadSceneAsync Request '8137c0edd53365b40acb48df81e07046', WaitForSceneLoad: True, SceneEntity: 611:1
Loading GameData SubScene 8137c0edd53365b40acb48df81e07046, GameData Scene Entity: Entity(611:1)
[Server] LoadSceneAsync Request '153b723300728974d8e2bad70c3fd1f2', WaitForSceneLoad: True, SceneEntity: 613:1
Loading GameData SubScene 153b723300728974d8e2bad70c3fd1f2, GameData Scene Entity: Entity(613:1)
[Server] LoadSceneAsync Request '3429e7b0ff91dfa4db4318bcdb0e63bc', WaitForSceneLoad: True, SceneEntity: 615:1
Loading GameData SubScene 3429e7b0ff91dfa4db4318bcdb0e63bc, GameData Scene Entity: Entity(615:1)
[Server] LoadSceneAsync Request '4361b3a547128724892dae4688ec7146', WaitForSceneLoad: True, SceneEntity: 617:1
Loading GameData SubScene 4361b3a547128724892dae4688ec7146, GameData Scene Entity: Entity(617:1)
[Server] LoadSceneAsync Request 'b2f35358da120c04c92b9256f40d76ce', WaitForSceneLoad: True, SceneEntity: 619:1
Loading GameData SubScene b2f35358da120c04c92b9256f40d76ce, GameData Scene Entity: Entity(619:1)
[Server] LoadSceneAsync Request '15d43071abc10d14095aa6f046142706', WaitForSceneLoad: True, SceneEntity: 621:1
Loading GameData SubScene 15d43071abc10d14095aa6f046142706, GameData Scene Entity: Entity(621:1)
[Server] LoadSceneAsync Request 'WorldMap', WaitForSceneLoad: True, SceneEntity: 623:1
Streamed scene with  75ms latency from C:/Eigene_Sachen/v-rising/VRisingServer_Data/StreamingAssets/SubScenes/5b2998a2f0961324d880ab4afec89fe2.0.entities
[Server] LoadSceneSystem.WaitForTargetSceneLoad - SceneEntity 601:1 done!
[Steam] FinalizeSetupServer - Setting Tags
Server Settings hash: 55d20c01d9e0b07213cdb8cdef8fe1d1af03053266e260c3996301a5e8c2566e
Size of ServerSettings: 1400
Server Setup Complete
SteamPlatformSystem - OnPolicyResponse - Game server SteamID: 90172675633192960
SteamPlatformSystem - OnPolicyResponse - Game Server VAC Secure!
SteamPlatformSystem - OnPolicyResponse - Public IP: 188.172.229.220
SteamLog [SDR k_ESteamNetworkingSocketsDebugOutputType_Msg] AuthStatus (steamid:90172675633192960):  OK  (OK)
SteamLog [SDR k_ESteamNetworkingSocketsDebugOutputType_Msg] Certificate expires in 48h00m at 1684755682 (current time 1684582881), will renew in 46h00m
[Server] World Asset Initialized
SteamPlatformSystem - SetServerData - Init!
Streamed scene with  30ms latency from C:/Eigene_Sachen/v-rising/VRisingServer_Data/StreamingAssets/SubScenes/d7852543318383546944f7bcd4a089b6.0.entities
[Server] LoadSceneSystem.WaitForTargetSceneLoad - SceneEntity 623:1 done!
Streamed scene with  23ms latency from C:/Eigene_Sachen/v-rising/VRisingServer_Data/StreamingAssets/SubScenes/15d43071abc10d14095aa6f046142706.0.entities
[Server] LoadSceneSystem.WaitForTargetSceneLoad - SceneEntity 621:1 done!
Removing SceneTags from GameData Scene Entity Entity(621:1)
[Server] Registering 1 Prefab Collections in PrefabCollectionSystem
[Server] Registering 1211 Prefabs in PrefabCollectionSystem
Streamed scene with 182ms latency from C:/Eigene_Sachen/v-rising/VRisingServer_Data/StreamingAssets/SubScenes/b2f35358da120c04c92b9256f40d76ce.0.entities
[Server] LoadSceneSystem.WaitForTargetSceneLoad - SceneEntity 619:1 done!
Removing SceneTags from GameData Scene Entity Entity(619:1)
[Server] Registering 1 Prefab Collections in PrefabCollectionSystem
[Server] Registering 3247 Prefabs in PrefabCollectionSystem
Registered -763511944 LightningStormType!
Registered 1863322238 LightningStormType!
Registered -1718030845 LightningStormType!
Registered 1848711925 LightningStormType!
Streamed scene with  30ms latency from C:/Eigene_Sachen/v-rising/VRisingServer_Data/StreamingAssets/SubScenes/4361b3a547128724892dae4688ec7146.0.entities
[Server] LoadSceneSystem.WaitForTargetSceneLoad - SceneEntity 617:1 done!
Removing SceneTags from GameData Scene Entity Entity(617:1)
[Server] Registering 1 Prefab Collections in PrefabCollectionSystem
[Server] Registering 246 Prefabs in PrefabCollectionSystem
Streamed scene with   9ms latency from C:/Eigene_Sachen/v-rising/VRisingServer_Data/StreamingAssets/SubScenes/3429e7b0ff91dfa4db4318bcdb0e63bc.0.entities
[Server] LoadSceneSystem.WaitForTargetSceneLoad - SceneEntity 615:1 done!
Removing SceneTags from GameData Scene Entity Entity(615:1)
[Server] Registering 1 Prefab Collections in PrefabCollectionSystem
[Server] Registering 1211 Prefabs in PrefabCollectionSystem
Streamed scene with 165ms latency from C:/Eigene_Sachen/v-rising/VRisingServer_Data/StreamingAssets/SubScenes/153b723300728974d8e2bad70c3fd1f2.0.entities
[Server] LoadSceneSystem.WaitForTargetSceneLoad - SceneEntity 613:1 done!
Removing SceneTags from GameData Scene Entity Entity(613:1)
[Server] Registering 1 Prefab Collections in PrefabCollectionSystem
[Server] Registering 2966 Prefabs in PrefabCollectionSystem
Streamed scene with 205ms latency from C:/Eigene_Sachen/v-rising/VRisingServer_Data/StreamingAssets/SubScenes/8137c0edd53365b40acb48df81e07046.0.entities
[Server] LoadSceneSystem.WaitForTargetSceneLoad - SceneEntity 611:1 done!
SetupServerSettings - Recipe (1480124625) appears in both refinementstationRecipes and workstationRecipes!
SetupServerSettings - Recipe (1130562057) appears in both refinementstationRecipes and workstationRecipes!
SetupServerSettings - Recipe (1659123533) appears in both refinementstationRecipes and workstationRecipes!
Removing SceneTags from GameData Scene Entity Entity(611:1)
[Server] Registering 1 Prefab Collections in PrefabCollectionSystem
[Server] Registering 820 Prefabs in PrefabCollectionSystem
SteamLog [SDR k_ESteamNetworkingSocketsDebugOutputType_Msg] Ping measurement completed
SteamLog [SDR k_ESteamNetworkingSocketsDebugOutputType_Msg] Ping location: vie=0+0,waw=38+3/11+0,fra=12+1/12+0,ams=19+1/16+0,par=19+1/20+0,lhr=29+2/25+0,sto=33+3/31+0,sto2=33+3/31+0,mad=44+4/39+1,iad=106+10/97+0,sgp=155+15/156+15,gru=219+21/211+1
SteamLog [SDR k_ESteamNetworkingSocketsDebugOutputType_Msg] SDR RelayNetworkStatus:  avail=OK  config=OK  anyrelay=OK   (OK)
SteamLog [SDR k_ESteamNetworkingSocketsDebugOutputType_Warning] SteamNetworkingSockets lock held for 7.8ms.  (Performance warning.)  ServiceThread,BInternalGetPingLocation,EnsureDataCenterRoutesValid(x2),ThinkPingProbes,CreateServerDataForCluster
This is usually a symptom of a general performance problem such as thread starvation.
Registered 1785107561 DebugCastlePrefabs.
Streamed scene with 140ms latency from C:/Eigene_Sachen/v-rising/VRisingServer_Data/StreamingAssets/SubScenes/ad37c0edd53365b40acb48df81e07046.0.entities
[Server] LoadSceneSystem.WaitForTargetSceneLoad - SceneEntity 609:1 done!
SetupServerSettings - Recipe (1480124625) appears in both refinementstationRecipes and workstationRecipes!
SetupServerSettings - Recipe (1130562057) appears in both refinementstationRecipes and workstationRecipes!
SetupServerSettings - Recipe (1659123533) appears in both refinementstationRecipes and workstationRecipes!
Removing SceneTags from GameData Scene Entity Entity(609:1)
[Server] Registering 1 Prefab Collections in PrefabCollectionSystem
[Server] Registering 1349 Prefabs in PrefabCollectionSystem
Streamed scene with 889ms latency from C:/Eigene_Sachen/v-rising/VRisingServer_Data/StreamingAssets/SubScenes/295c92b7a799a3443b40e9ef192b5727.0.entities
[Server] LoadSceneSystem.WaitForTargetSceneLoad - SceneEntity 607:1 done!
SetupServerSettings - Recipe (1480124625) appears in both refinementstationRecipes and workstationRecipes!
SetupServerSettings - Recipe (1130562057) appears in both refinementstationRecipes and workstationRecipes!
SetupServerSettings - Recipe (1659123533) appears in both refinementstationRecipes and workstationRecipes!
Removing SceneTags from GameData Scene Entity Entity(607:1)
[Server] GameData Initialized. All 8 GameData Scenes Loaded.
#0: Entity(1211:3)  - Entity  - LocalToWorld  - Rotation  - Translation  - LinkedEntityGroup [B]  - EntityNameCollectionBuffer [B]  - PrefabCollectionBuffer [B]  - Prefab  - PrefabCollectionTag  - Initialized
#1: Entity(1230:3)  - Entity  - LocalToWorld  - Rotation  - Translation  - LinkedEntityGroup [B]  - EntityNameCollectionBuffer [B]  - PrefabCollectionBuffer [B]  - Prefab  - PrefabCollectionTag  - Initialized
#2: Entity(17677:2)  - Entity  - LocalToWorld  - Rotation  - Translation  - LinkedEntityGroup [B]  - EntityNameCollectionBuffer [B]  - PrefabCollectionBuffer [B]  - Prefab  - PrefabCollectionTag  - Initialized
#3: Entity(18948:3)  - Entity  - LocalToWorld  - Rotation  - Translation  - LinkedEntityGroup [B]  - EntityNameCollectionBuffer [B]  - PrefabCollectionBuffer [B]  - Prefab  - PrefabCollectionTag  - Initialized
#4: Entity(5828:3)  - Entity  - LocalToWorld  - Rotation  - Translation  - LinkedEntityGroup [B]  - EntityNameCollectionBuffer [B]  - PrefabCollectionBuffer [B]  - Prefab  - PrefabCollectionTag  - Initialized
#5: Entity(6582:3)  - Entity  - LocalToWorld  - Rotation  - Translation  - LinkedEntityGroup [B]  - EntityNameCollectionBuffer [B]  - PrefabCollectionBuffer [B]  - Prefab  - PrefabCollectionTag  - Initialized
#6: Entity(6232:4)  - Entity  - LocalToWorld  - Rotation  - Translation  - LinkedEntityGroup [B]  - EntityNameCollectionBuffer [B]  - PrefabCollectionBuffer [B]  - Prefab  - PrefabCollectionTag  - Initialized
#7: Entity(6809:5)  - Entity  - LocalToWorld  - Rotation  - Translation  - LinkedEntityGroup [B]  - EntityNameCollectionBuffer [B]  - PrefabCollectionBuffer [B]  - Prefab  - PrefabCollectionTag
[Server] Registering 1 Prefab Collections in PrefabCollectionSystem
[Server] Registering 5063 Prefabs in PrefabCollectionSystem
[Server] Request Load Chunk 2,0, GUID: 672ca7a93fee20b46a9c7d87ff39a4c8
[Server] Request Load Chunk 3,0, GUID: 672ca7a93fee20b46a9c7d87ff39a4c8
[Server] Request Load Chunk 4,0, GUID: 672ca7a93fee20b46a9c7d87ff39a4c8
[Server] Request Load Chunk 5,0, GUID: 672ca7a93fee20b46a9c7d87ff39a4c8
[Server] Request Load Chunk 6,0, GUID: 672ca7a93fee20b46a9c7d87ff39a4c8
[Server] Request Load Chunk 7,0, GUID: 672ca7a93fee20b46a9c7d87ff39a4c8
[Server] Request Load Chunk 10,0, GUID: 3b35dfc3f24e9bb45b6da67f70a87fbd
[Server] Request Load Chunk 12,0, GUID: 3b35dfc3f24e9bb45b6da67f70a87fbd
[Server] Request Load Chunk 14,0, GUID: 3b35dfc3f24e9bb45b6da67f70a87fbd
[Server] Request Load Chunk 16,0, GUID: 3b35dfc3f24e9bb45b6da67f70a87fbd
[Server] Request Load Chunk 18,0, GUID: 3b35dfc3f24e9bb45b6da67f70a87fbd
[Server] Request Load Chunk 20,0, GUID: 3b35dfc3f24e9bb45b6da67f70a87fbd
[Server] Request Load Chunk 9,1, GUID: 3b35dfc3f24e9bb45b6da67f70a87fbd
[Server] Request Load Chunk 10,1, GUID: a32a1d347a4b31d4c90744a4ede6acc5
[Server] Request Load Chunk 11,1, GUID: 3b35dfc3f24e9bb45b6da67f70a87fbd
[Server] Request Load Chunk 12,1, GUID: a32a1d347a4b31d4c90744a4ede6acc5
[Server] Request Load Chunk 13,1, GUID: 3b35dfc3f24e9bb45b6da67f70a87fbd
[Server] Request Load Chunk 14,1, GUID: a32a1d347a4b31d4c90744a4ede6acc5
[Server] Request Load Chunk 15,1, GUID: 3b35dfc3f24e9bb45b6da67f70a87fbd
[Server] Request Load Chunk 16,1, GUID: a32a1d347a4b31d4c90744a4ede6acc5
[Server] Request Load Chunk 17,1, GUID: 3b35dfc3f24e9bb45b6da67f70a87fbd
[Server] Request Load Chunk 18,1, GUID: a32a1d347a4b31d4c90744a4ede6acc5
[Server] Request Load Chunk 19,1, GUID: 3b35dfc3f24e9bb45b6da67f70a87fbd
[Server] Request Load Chunk 20,1, GUID: a32a1d347a4b31d4c90744a4ede6acc5
[Server] Request Load Chunk 7,2, GUID: a8f9b2d179bbbf246963926a0f537def
[Server] Request Load Chunk 9,2, GUID: 5dd2d5dbc5240404ab98da395aa11c1f
[Server] Request Load Chunk 12,20, GUID: 350db1c39517b094baa99a7787a056bb
[Server] Request Load Chunk 13,20, GUID: 029844f687657aa4c8e5db4e275c4f91
[Server] Request Load Chunk 14,20, GUID: 412d21116f4dfb64a8afa48f2749fe1c
[Server] Request Load Chunk 15,20, GUID: b629f1d8ee7e02846966ad4936c6fe1c
[Server] Request Load Chunk 16,20, GUID: e54a69ffe7b182a449c99249457fbbfa
[Server] Request Load Chunk 7,21, GUID: cd0102376e0df9141a90ac6dcb400ca6
[Server] Request Load Chunk 8,21, GUID: 8009c3c2f451dcc4b8abacf193377c7e
[Server] Request Load Chunk 9,21, GUID: e3013bf393f633f42aeb359b82384b57
[Server] Request Load Chunk 10,21, GUID: 183d5e702836ed748ae813d4757a065a
[Server] Request Load Chunk 11,21, GUID: 3942e8aad1d9f164484fd7c16cfcfc1d
[Server] Request Load Chunk 12,21, GUID: 97fce44cfe63ddf40ae54dd6696ef09e
[Server] Request Load Chunk 13,21, GUID: f508b19e57277a546b8d838d03301fe7
[Server] Request Load Chunk 14,21, GUID: 1495eac6e565a964a9ba08d87878f77b
[Server] Request Load Chunk 8,22, GUID: 9cda48d69859871479364aa38b6e44ea
[Server] Request Load Chunk 8,18, GUID: f486e66146ad6b14da0f1128762bdea9
[Server] Request Load Chunk 9,18, GUID: 979bc1eb8da27534ebecae3e13f9e6c4
[Server] Request Load Chunk 10,18, GUID: 74d18dec9f001e74690990c5b3a58673
[Server] Request Load Chunk 11,18, GUID: 9224e352fb3e2de4a851d4d563a23253
[Server] Request Load Chunk 12,18, GUID: f1ca236d4521f8744a72cef5561ddd68
[Server] Request Load Chunk 13,18, GUID: 2213d341313eab24eba9a1ab1369deed
[Server] Request Load Chunk 14,18, GUID: 4a128f709dc5a604bb6cd25bbaf7e91c
[Server] Request Load Chunk 15,18, GUID: c52fb37929a2af042a280fc3c3400908
[Server] Request Load Chunk 16,18, GUID: f1aa45887bd2f3244a54be879ca9ddf4
[Server] Request Load Chunk 17,18, GUID: 04feb494f00442b4c81ec75321316203
[Server] Request Load Chunk 18,18, GUID: a261a4925caeb15449d9de1b6b137b78
[Server] Request Load Chunk 7,19, GUID: 2933ef436b9a5964b8bb48801d8eae81
[Server] Request Load Chunk 8,19, GUID: 2cead2dfbe92e3743a4146633630ac8c
[Server] Request Load Chunk 9,19, GUID: ad4db948f91089948a621826ac9c2bef
[Server] Request Load Chunk 10,19, GUID: da2b4c2abad58f34f8a9f131b869bb2c
[Server] Request Load Chunk 11,19, GUID: 3efa376eea3b2ce4e8c56e6042cb58e1
[Server] Request Load Chunk 12,19, GUID: d7c10c4925dcdac4788e5e7d2cbc5831
[Server] Request Load Chunk 13,19, GUID: 2ad20c16f31ec834a99ab851273159dc
[Server] Request Load Chunk 14,19, GUID: 476260f36f2939a42aef1ec3e94d8e15
[Server] Request Load Chunk 15,19, GUID: d65cbf841aad2444095a24600f1bd7f6
[Server] Request Load Chunk 16,19, GUID: 02859bb7f289b5344b828443bca3bbb7
[Server] Request Load Chunk 7,20, GUID: 7674d10acab38ce49b474e90cec74ebf
[Server] Request Load Chunk 8,20, GUID: 6446314c69b5d754493de5a14ae3902b
[Server] Request Load Chunk 9,20, GUID: 744630a5439ac0940b7c6fc0d21187cc
[Server] Request Load Chunk 10,20, GUID: 58b7e729bf8cf6a4593f65f61aa768c0
[Server] Request Load Chunk 11,20, GUID: 6ee9860801fd49d42b5ffef67240e971
[Server] Request Load Chunk 10,2, GUID: c5d45555f3d519943a0e80adc9ff4f51
[Server] Request Load Chunk 11,2, GUID: 5dd2d5dbc5240404ab98da395aa11c1f
[Server] Request Load Chunk 12,2, GUID: c5d45555f3d519943a0e80adc9ff4f51
[Server] Request Load Chunk 13,2, GUID: 5dd2d5dbc5240404ab98da395aa11c1f
[Server] Request Load Chunk 14,2, GUID: c5d45555f3d519943a0e80adc9ff4f51
[Server] Request Load Chunk 15,2, GUID: 5dd2d5dbc5240404ab98da395aa11c1f
[Server] Request Load Chunk 16,2, GUID: c5d45555f3d519943a0e80adc9ff4f51
[Server] Request Load Chunk 17,2, GUID: 5dd2d5dbc5240404ab98da395aa11c1f
[Server] Request Load Chunk 18,2, GUID: c5d45555f3d519943a0e80adc9ff4f51
[Server] Request Load Chunk 19,2, GUID: 5dd2d5dbc5240404ab98da395aa11c1f
[Server] Request Load Chunk 20,2, GUID: c5d45555f3d519943a0e80adc9ff4f51
[Server] Request Load Chunk 13,6, GUID: 3b35dfc3f24e9bb45b6da67f70a87fbd
[Server] Request Load Chunk 14,6, GUID: 3b35dfc3f24e9bb45b6da67f70a87fbd
[Server] Request Load Chunk 6,7, GUID: 3b35dfc3f24e9bb45b6da67f70a87fbd
[Server] Request Load Chunk 7,7, GUID: 3b35dfc3f24e9bb45b6da67f70a87fbd
[Server] Request Load Chunk 8,7, GUID: 3b35dfc3f24e9bb45b6da67f70a87fbd
[Server] Request Load Chunk 9,7, GUID: 3b35dfc3f24e9bb45b6da67f70a87fbd
[Server] Request Load Chunk 10,7, GUID: 3b35dfc3f24e9bb45b6da67f70a87fbd
[Server] Request Load Chunk 11,7, GUID: 3b35dfc3f24e9bb45b6da67f70a87fbd
[Server] Request Load Chunk 12,7, GUID: 3b35dfc3f24e9bb45b6da67f70a87fbd
[Server] Request Load Chunk 13,7, GUID: 3b35dfc3f24e9bb45b6da67f70a87fbd
[Server] Request Load Chunk 14,7, GUID: 0a2fb7d5434b2154fa9f4c1197b74eaf
[Server] Request Load Chunk 15,7, GUID: 3b35dfc3f24e9bb45b6da67f70a87fbd
[Server] Request Load Chunk 6,8, GUID: 3b35dfc3f24e9bb45b6da67f70a87fbd
[Server] Request Load Chunk 7,8, GUID: 0a2fb7d5434b2154fa9f4c1197b74eaf
[Server] Request Load Chunk 8,8, GUID: 246501a0fbb9b7c4da29aa602ea5c4fa
[Server] Request Load Chunk 9,8, GUID: 2924653d35377074fb8b64f8e6ce332d
[Server] Request Load Chunk 10,8, GUID: 7bdbb53c239283d41ba2e80c2cfc88d1
[Server] Request Load Chunk 11,8, GUID: d0bbfaf22bd883e4893b0ac0b85c9ff3
[Server] Request Load Chunk 12,8, GUID: b13e05079fb92c142b38b178720b3b94
[Server] Request Load Chunk 13,8, GUID: 5689b37fb2a722548923851c2267340e
[Server] Request Load Chunk 14,8, GUID: 246501a0fbb9b7c4da29aa602ea5c4fa
[Server] Request Load Chunk 15,8, GUID: 3b35dfc3f24e9bb45b6da67f70a87fbd
[Server] Request Load Chunk 6,9, GUID: 3b35dfc3f24e9bb45b6da67f70a87fbd
[Server] Request Load Chunk 7,9, GUID: bb682846556abae47aea289e7a73fe33
[Server] Request Load Chunk 8,9, GUID: 961d54a8261f07443a0714460e6ed3ad
[Server] Request Load Chunk 9,9, GUID: 3739a7322d5189b44b6fc10ff2136d13
[Server] Request Load Chunk 10,9, GUID: 63ec8da752096ff4fbe860e2a27bd938
[Server] Request Load Chunk 11,9, GUID: db1bf1eff344b4740bd20bcd9f3798f2
[Server] Request Load Chunk 12,9, GUID: 7409c40e09fe36849a7a4f69b9dee9a4
[Server] Request Load Chunk 13,9, GUID: 572f5d77f8d8c99478f666fd7dd9e971
[Server] Request Load Chunk 14,9, GUID: c6f842b31ef5c68438513e1ae93b16e9
[Server] Request Load Chunk 15,9, GUID: 3b35dfc3f24e9bb45b6da67f70a87fbd
[Server] Request Load Chunk 16,9, GUID: 3b35dfc3f24e9bb45b6da67f70a87fbd
[Server] Request Load Chunk 5,10, GUID: 3b35dfc3f24e9bb45b6da67f70a87fbd
[Server] Request Load Chunk 6,10, GUID: 2b0aa0e451049674fa790cced730bbcc
[Server] Request Load Chunk 7,10, GUID: a998f7c4607ba784faf0ff5c29bba6a7
[Server] Request Load Chunk 8,10, GUID: e2cc62feb26335042aa536083bb4dcf0
[Server] Request Load Chunk 9,10, GUID: 1ca277e0bf4d98a43a56cef775b49142
[Server] Request Load Chunk 10,10, GUID: 018be26374d7ad94d99c57e637f5cc42
[Server] Request Load Chunk 11,10, GUID: f25c3a0b1519dcf4ea97a32e97419363
[Server] Request Load Chunk 12,10, GUID: 932bb97227381554dadbdb61e0d574f0
[Server] Request Load Chunk 13,10, GUID: 13cb16d70e7b99f46b9d729629a7610e
[Server] Request Load Chunk 14,10, GUID: f407776a73ac0f941ac82ca0898d23b3
[Server] Request Load Chunk 15,10, GUID: 7603da2c0ab76ce42bbb76d6973ab774
[Server] Request Load Chunk 16,10, GUID: 3b35dfc3f24e9bb45b6da67f70a87fbd
[Server] Request Load Chunk 5,11, GUID: 3b35dfc3f24e9bb45b6da67f70a87fbd
[Server] Request Load Chunk 6,11, GUID: 9cabd2dd1cf483248ba5c374ce25a01b
[Server] Request Load Chunk 7,11, GUID: dd9f9625193304d4e8aa818da04393fd
[Server] Request Load Chunk 8,11, GUID: e7016e4482dd90d48a07e11fb7b61e1d
[Server] Request Load Chunk 9,11, GUID: 2f28cba5d2967df46a339f6320e81ff7
[Server] Request Load Chunk 10,11, GUID: bc1c781740a9e934fb0d5c193f437f71
[Server] Request Load Chunk 11,11, GUID: 51dc6e7b03b5ede40bff1ee22119048b
[Server] Request Load Chunk 12,11, GUID: 66ed128ef846d964cb87c330243cd418
[Server] Request Load Chunk 13,11, GUID: f3e9e47d7d0e7934da133472526cf0cd
[Server] Request Load Chunk 14,11, GUID: e6f764ecf5a86194eb79b2d8ecce280c
[Server] Request Load Chunk 15,11, GUID: c006a5ce1938498428651ba4e3bacc61
[Server] Request Load Chunk 16,11, GUID: 67c6a4f74fd0eac4094adb77211b329b
[Server] Request Load Chunk 5,12, GUID: 3b35dfc3f24e9bb45b6da67f70a87fbd
[Server] Request Load Chunk 6,12, GUID: 6acb7f42776a280488cf322cfe2c41a1
[Server] Request Load Chunk 7,12, GUID: f0b9143094f3a874ca1c0abf916dc8e4
[Server] Request Load Chunk 8,12, GUID: ed0419b22d53ffc4bb80e7bba27082a6
[Server] Request Load Chunk 9,12, GUID: d10a2bcae0fa8ec44bdb08c5db2aee69
[Server] Request Load Chunk 10,12, GUID: efae7737e5f4ecb49b515d0b78380b08
[Server] Request Load Chunk 11,12, GUID: b4e0fcd1c502f5b41ae8eb3f13639c46
[Server] Request Load Chunk 12,12, GUID: 8459f04ca1b308b4f84f83c5fcb558f3
[Server] Request Load Chunk 13,12, GUID: 9d82a1fe1f1923c4f97dabd78cfc5e69
[Server] Request Load Chunk 14,12, GUID: b3918aa903880054992b249d88e94721
[Server] Request Load Chunk 15,12, GUID: 75b057013a92e184c9aa6bd62f8e6939
[Server] Request Load Chunk 16,12, GUID: d183bd97afec4ba47a046e022c6e2d6f
[Server] Request Load Chunk 3,13, GUID: 969df75726d785141aac4e3eafc10f58
[Server] Request Load Chunk 4,13, GUID: eb98dfa1d0f03614b8701815acc42dc5
[Server] Request Load Chunk 5,13, GUID: 803a66b8863b65a4b8aa02d809ef2961
[Server] Request Load Chunk 6,13, GUID: e46aa2103acda034e93ce31c0b25ed38
[Server] Request Load Chunk 7,13, GUID: 3756338433cce094daf73fad2456a943
[Server] Request Load Chunk 8,13, GUID: 4e0141c01fc58334aa641d7325cb82ad
[Server] Request Load Chunk 9,13, GUID: 300a10b3b72626145bebf232838caa6b
[Server] Request Load Chunk 10,13, GUID: 1e8af03ee0ab0744c915e4fcd10e2700
[Server] Request Load Chunk 11,13, GUID: 65ebd5dc8069d9e4ca0d9f2cb14b61cc
[Server] Request Load Chunk 12,13, GUID: ce6660cca1c5e8e46a9295c0bd5f83b8
[Server] Request Load Chunk 13,13, GUID: b7eec76dc482f474d831a5b8dab5f464
[Server] Request Load Chunk 14,13, GUID: 6c50437c10040a449a8d7211763a840d
[Server] Request Load Chunk 15,13, GUID: 4a4bb2077467d6b49a0421e25646abc9
[Server] Request Load Chunk 16,13, GUID: 1f3daaeb74b19e14f9b56fca0f1f57f8
[Server] Request Load Chunk 3,14, GUID: 969df75726d785141aac4e3eafc10f58
[Server] Request Load Chunk 4,14, GUID: 31902c41e7682894f9c447957cba74b2
[Server] Request Load Chunk 5,14, GUID: 57768327b6c16aa4cad909805524110f
[Server] Request Load Chunk 6,14, GUID: b2864e1d7aa17c94bbbdbe763bf49b61
[Server] Request Load Chunk 7,14, GUID: 97c0b914358f39740b0172c91e7490ca
[Server] Request Load Chunk 8,14, GUID: 8988d34a4a760e648bb45b73cfc9a65c
[Server] Request Load Chunk 9,14, GUID: d8d39d9cae64a994e964897b1d11a878
[Server] Request Load Chunk 10,14, GUID: 33e116ddbdc3d3f43811112b11dc2b52
[Server] Request Load Chunk 11,14, GUID: 0bf871d9fb36cdd48ad122804d9b1013
[Server] Request Load Chunk 12,14, GUID: f7986e7bb9a9eae4d9cfa79927e3e9bc
[Server] Request Load Chunk 13,14, GUID: 72320aa56209ffe438f18204e35b4d6e
[Server] Request Load Chunk 14,14, GUID: 6bd518e3475c59c4f840c8b7a165bdbd
[Server] Request Load Chunk 15,14, GUID: ebc0e81445889354493ff1dd7819395d
[Server] Request Load Chunk 16,14, GUID: 23502868847bd25438b97f66324f3693
[Server] Request Load Chunk 17,14, GUID: ebb5353de2034c24883753a4c3c187ef
[Server] Request Load Chunk 18,14, GUID: c52fb37929a2af042a280fc3c3400908
[Server] Request Load Chunk 3,15, GUID: 969df75726d785141aac4e3eafc10f58
[Server] Request Load Chunk 4,15, GUID: 1c57d5145f02c9d42a7038429962a4c6
[Server] Request Load Chunk 5,15, GUID: dc32b732a7079b241b4cda0b0a802de1
[Server] Request Load Chunk 6,15, GUID: 6ca8b6b6c80aadc4d9d137c9aa0bf903
[Server] Request Load Chunk 7,15, GUID: 815b649b859e0f344a9606208de15ed9
[Server] Request Load Chunk 8,15, GUID: 60d3f49d35b449b458b14a86bc33e08a
[Server] Request Load Chunk 9,15, GUID: 94bc1ff1b3e17144cbc7860838bf6c5f
[Server] Request Load Chunk 10,15, GUID: 850fabbda3a0e114b9130af63c2227ff
[Server] Request Load Chunk 11,15, GUID: b415b14d94c45bf47961ea6dfd875cdc
[Server] Request Load Chunk 12,15, GUID: 8282cb929e99f6d40b7ef61fb2ef1fde
[Server] Request Load Chunk 13,15, GUID: 0fbff50debacab047a02110fd1efa602
[Server] Request Load Chunk 14,15, GUID: a18bb66913b043a429432c99bf88a792
[Server] Request Load Chunk 15,15, GUID: c52fb37929a2af042a280fc3c3400908
[Server] Request Load Chunk 16,15, GUID: 83882e8688e704142ac169386fb72177
[Server] Request Load Chunk 17,15, GUID: 46dfdacabe3533347a2229c35ab3163f
[Server] Request Load Chunk 18,15, GUID: 2c561b59a03f83640ba545b023ef77c4
[Server] Request Load Chunk 4,16, GUID: 2075b60fd7945c340ae29d0f813173a1
[Server] Request Load Chunk 5,16, GUID: 63f655160d3bf3b4eb567447d7d29e6c
[Server] Request Load Chunk 6,16, GUID: 67187f191c1498a4abbbee7a2e1423db
[Server] Request Load Chunk 7,16, GUID: 54b7431cc8792644a8bc0bc74df76dc0
[Server] Request Load Chunk 8,16, GUID: 8a8f65afccc7c534ebeacce15877790b
[Server] Request Load Chunk 9,16, GUID: 9cd7bd8f2ec8c584db1c67f02a106911
[Server] Request Load Chunk 10,16, GUID: 7a3e53009e61c694a8f7c364bc78af17
[Server] Request Load Chunk 11,16, GUID: 547bc245331509a41978079c01b83a0c
[Server] Request Load Chunk 12,16, GUID: 20cbebceceb1b7b4685da80b72bd6a2c
[Server] Request Load Chunk 13,16, GUID: 866dbd21c5b737f4ca89f83e65e89e9e
[Server] Request Load Chunk 14,16, GUID: 99d16e55435f70146aa87f52b92eaddb
[Server] Request Load Chunk 15,16, GUID: 08430246543c97044bd481dc79687e95
[Server] Request Load Chunk 16,16, GUID: 83882e8688e704142ac169386fb72177
[Server] Request Load Chunk 17,16, GUID: 2e58ee30f0eafb042ad0f68e6676a303
[Server] Request Load Chunk 18,16, GUID: ca02429a0e02d4e4d83f7ee2b7d0d9c7
[Server] Request Load Chunk 5,17, GUID: c6d34432693f24046ae5916650cc70ef
[Server] Request Load Chunk 6,17, GUID: a24097bd09125954f9c0d4c23a578185
[Server] Request Load Chunk 7,17, GUID: 81fb587f67a221b4b9d75c385f8e9d63
[Server] Request Load Chunk 8,17, GUID: 47c1e305fdffec34d9c4dfdbd9b75a23
[Server] Request Load Chunk 9,17, GUID: 5b5675b6fbd72104690f7844cc7b9983
[Server] Request Load Chunk 10,17, GUID: 2a0e7ef7deda58645b7a8114ea225c57
[Server] Request Load Chunk 11,17, GUID: d11c48a5bd371924fbdff533cc791b22
[Server] Request Load Chunk 12,17, GUID: d53c71f34e6c99e4da88e5048ddeebbb
[Server] Request Load Chunk 13,17, GUID: b22d2359d6d89ee47b79df873d18309b
[Server] Request Load Chunk 14,17, GUID: f3e926d03d837204e92948f303a3af69
[Server] Request Load Chunk 15,17, GUID: 9703f861393067744acce835eb5d06a6
[Server] Request Load Chunk 16,17, GUID: 2e58ee30f0eafb042ad0f68e6676a303
[Server] Request Load Chunk 17,17, GUID: 4939b1e6cef38424eb7429cff38edc4e
[Server] Request Load Chunk 18,17, GUID: 3d5942862fa3c274fa36c3224f27e136
[Server] Request Load Chunk 7,18, GUID: cc75a5684dcec7b4eab954f1779f2244
Loaded ServerGameSettings:
{
  "GameModeType": 1,
  "CastleDamageMode": 1,
  "SiegeWeaponHealth": 2,
  "PlayerDamageMode": 0,
  "CastleHeartDamageMode": 1,
  "PvPProtectionMode": 3,
  "DeathContainerPermission": 0,
  "RelicSpawnType": 0,
  "CanLootEnemyContainers": true,
  "BloodBoundEquipment": true,
  "TeleportBoundItems": true,
  "AllowGlobalChat": true,
  "AllWaypointsUnlocked": false,
  "FreeCastleRaid": false,
  "FreeCastleClaim": false,
  "FreeCastleDestroy": false,
  "InactivityKillEnabled": true,
  "InactivityKillTimeMin": 3600,
  "InactivityKillTimeMax": 604800,
  "InactivityKillSafeTimeAddition": 172800,
  "InactivityKillTimerMaxItemLevel": 84,
  "DisableDisconnectedDeadEnabled": true,
  "DisableDisconnectedDeadTimer": 60,
  "DisconnectedSunImmunityTime": 300.0,
  "InventoryStacksModifier": 1.0,
  "DropTableModifier_General": 1.0,
  "DropTableModifier_Missions": 1.0,
  "MaterialYieldModifier_Global": 1.0,
  "BloodEssenceYieldModifier": 1.0,
  "JournalVBloodSourceUnitMaxDistance": 25.0,
  "PvPVampireRespawnModifier": 1.0,
  "CastleMinimumDistanceInFloors": 2,
  "ClanSize": 4,
  "BloodDrainModifier": 1.0,
  "DurabilityDrainModifier": 1.0,
  "GarlicAreaStrengthModifier": 1.0,
  "HolyAreaStrengthModifier": 1.0,
  "SilverStrengthModifier": 1.0,
  "SunDamageModifier": 1.0,
  "CastleDecayRateModifier": 1.0,
  "CastleBloodEssenceDrainModifier": 1.0,
  "CastleSiegeTimer": 420.0,
  "CastleUnderAttackTimer": 60.0,
  "CastleRaidTimer": 600.0,
  "CastleRaidProtectionTime": 1800.0,
  "CastleExposedFreeClaimTimer": 300.0,
  "AnnounceSiegeWeaponSpawn": true,
  "ShowSiegeWeaponMapIcon": false,
  "BuildCostModifier": 1.0,
  "RecipeCostModifier": 1.0,
  "CraftRateModifier": 1.0,
  "ResearchCostModifier": 1.0,
  "RefinementCostModifier": 1.0,
  "RefinementRateModifier": 1.0,
  "ResearchTimeModifier": 1.0,
  "DismantleResourceModifier": 1.0,
  "ServantConvertRateModifier": 1.0,
  "RepairCostModifier": 1.0,
  "Death_DurabilityFactorLoss": 0.125,
  "Death_DurabilityLossFactorAsResources": 1.0,
  "StarterEquipmentId": 0,
  "StarterResourcesId": 0,
  "VBloodUnitSettings": [],
  "UnlockedAchievements": [],
  "UnlockedResearchs": [],
  "GameTimeModifiers": {
    "DayDurationInSeconds": 1080.0,
    "DayStartHour": 9,
    "DayStartMinute": 0,
    "DayEndHour": 17,
    "DayEndMinute": 0,
    "BloodMoonFrequency_Min": 10,
    "BloodMoonFrequency_Max": 18,
    "BloodMoonBuff": 0.2
  },
  "VampireStatModifiers": {
    "MaxHealthModifier": 1.0,
    "MaxEnergyModifier": 1.0,
    "PhysicalPowerModifier": 1.0,
    "SpellPowerModifier": 1.0,
    "ResourcePowerModifier": 1.0,
    "SiegePowerModifier": 1.0,
    "DamageReceivedModifier": 1.0,
    "ReviveCancelDelay": 5.0
  },
  "UnitStatModifiers_Global": {
    "MaxHealthModifier": 1.0,
    "PowerModifier": 1.0
  },
  "UnitStatModifiers_VBlood": {
    "MaxHealthModifier": 1.0,
    "PowerModifier": 1.0
  },
  "EquipmentStatModifiers_Global": {
    "MaxEnergyModifier": 1.0,
    "MaxHealthModifier": 1.0,
    "ResourceYieldModifier": 1.0,
    "PhysicalPowerModifier": 1.0,
    "SpellPowerModifier": 1.0,
    "SiegePowerModifier": 1.0,
    "MovementSpeedModifier": 1.0
  },
  "CastleStatModifiers_Global": {
    "TickPeriod": 5.0,
    "DamageResistance": 0.0,
    "SafetyBoxLimit": 1,
    "TombLimit": 12,
    "VerminNestLimit": 4,
    "PrisonCellLimit": 16,
    "HeartLimits": {
      "Level1": {
        "Level": 1,
        "FloorLimit": 40,
        "ServantLimit": 4,
        "BuildLimits": 2,
        "HeightLimit": 3
      },
      "Level2": {
        "Level": 2,
        "FloorLimit": 100,
        "ServantLimit": 5,
        "BuildLimits": 2,
        "HeightLimit": 3
      },
      "Level3": {
        "Level": 3,
        "FloorLimit": 180,
        "ServantLimit": 6,
        "BuildLimits": 2,
        "HeightLimit": 3
      },
      "Level4": {
        "Level": 4,
        "FloorLimit": 260,
        "ServantLimit": 7,
        "BuildLimits": 2,
        "HeightLimit": 3
      },
      "Level5": {
        "Level": 5,
        "FloorLimit": 420,
        "ServantLimit": 8,
        "BuildLimits": 2,
        "HeightLimit": 3
      }
    },
    "CastleLimit": 2
  },
  "RandomizeVBloodAbilities": false,
  "RandomizeVBloodTechs": false,
  "RandomizeVBloodSpawnLocations": false,
  "PlayerInteractionSettings": {
    "TimeZone": 0,
    "VSPlayerWeekdayTime": {
      "StartHour": 20,
      "StartMinute": 0,
      "EndHour": 22,
      "EndMinute": 0
    },
    "VSPlayerWeekendTime": {
      "StartHour": 20,
      "StartMinute": 0,
      "EndHour": 22,
      "EndMinute": 0
    },
    "VSCastleWeekdayTime": {
      "StartHour": 20,
      "StartMinute": 0,
      "EndHour": 22,
      "EndMinute": 0
    },
    "VSCastleWeekendTime": {
      "StartHour": 20,
      "StartMinute": 0,
      "EndHour": 22,
      "EndMinute": 0
    }
  },
  "TraderModifiers": {
    "StockModifier": 1.0,
    "PriceModifier": 1.0,
    "RestockTimerModifier": 1.0
  }
}
Excluding all archetypes with 67 components from Persistence:
RetainBlobAssets
* Prefab
* SceneSectionData
* SceneSection
* StaticSceneTag
* RequestSceneLoaded
* WorldTime
* PhysicsStep
* SceneSystemConfiguration
* PublicEntityRef
* DontSaveEntity
* ShowPhysicsColliders
* PhysicsDebugDisplayData
* ReservedEntityIndex
* LoadToTargetWorld
* WorldTypeSingleton
* KnockbackAssetsSingleton
* ShowTileCollision
* LogEntitySpawnDestroy
* SyncedServerDebugSettings
* GameDataInitializedSingleton
* GameDataLoadingStartedSingleton
* PersistenceDebuggingSingleton
* ServerRuntimeSettings
* ShowWorldPathsEnabled
* ServerGameBalanceSettings
* UserInfoBufferSingleton
* AiDebugEnabled
* WorldFrame
* MapZoneData
* MapZoneDebugEnabled
* LoadTerrainChunkRequest
* TerrainChunkMetadata
* TerrainChunkLoadedEvent
* TerrainChunkUnloadedEvent
* TerrainChunkMetadataLoadedEvent
* WorldAssetSingleton
* WorldConfigSingleton
* DebugShowPhysicsCasts
* EnableRoomRoofDebuggingSingleton
* VisualizeCastleRoomsSingleton
* ShowCrowdedness
* ServantPerkCollectionSingleton
* RelicDropped
* LocalRagdollImpulse
* Sun
* ServantMissionSettingsSingleton
* ServerResetScheduleNoticeSettingsSingleton
* ServerDebugLogs
* ServerDebugViewData
* MiscLocalizationKeysSingleton
* ShowCommandBufferStats
* KeepDataAfterPersistenceTestSingleton
* TestPersistenceV2Save
* SavePersistentDataEvent
* QuickStartup
* ShowAim
* SpawnChainDebugEnabled
* TimeScale
* CastleTerritorySceneMetaData
* FakeTurnOffStudioListener
* DestroyedEntity
* NetworkEventType
* LogPrioritization
* CastleBuffsSettings
* MainMenuCanvasBase
* UICanvasBase
PersistenceV2 - Successfully serialized Persistence Header. Header was 778299 bytes large.
